WARN  2014-09-19 21:19:27,267 (NullSarosSession.java:64) unexpected method call
WARN  2014-09-19 21:19:27,269 (NullSarosSession.java:64) unexpected method call
WARN  2014-09-19 21:19:31,371 (NullSarosSession.java:64) unexpected method call
WARN  2014-09-19 21:19:31,374 (NullSarosSession.java:64) unexpected method call
ERROR 2014-09-19 21:21:21,862 (SarosNet.java:385)  new connection state == ERROR
SASL authentication PLAIN failed: not-authorized: 
	at org.jivesoftware.smack.SASLAuthentication.authenticate(SASLAuthentication.java:342)
	at org.jivesoftware.smack.XMPPConnection.login(XMPPConnection.java:243)
	at de.fu_berlin.inf.dpp.net.SarosNet.connect(SarosNet.java:261)
	at de.fu_berlin.inf.dpp.Saros.connect(Saros.java:660)
	at de.fu_berlin.inf.dpp.Saros$2.run(Saros.java:600)
	at de.fu_berlin.inf.dpp.util.Utils$2.run(Utils.java:175)
	at java.lang.Thread.run(Unknown Source)
WARN  2014-09-19 21:21:31,369 (StunServiceImpl.java:420) received no response from STUN server stunserver.org/132.177.123.6:3478 at local address /192.168.1.150:0
WARN  2014-09-19 21:21:31,370 (StunServiceImpl.java:420) received no response from STUN server stunserver.org/132.177.123.6:3478 at local address /25.209.189.176:0
ERROR 2014-09-19 21:21:33,119 (SarosNet.java:385)  new connection state == ERROR
SASL authentication PLAIN failed: not-authorized: 
	at org.jivesoftware.smack.SASLAuthentication.authenticate(SASLAuthentication.java:342)
	at org.jivesoftware.smack.XMPPConnection.login(XMPPConnection.java:243)
	at de.fu_berlin.inf.dpp.net.SarosNet.connect(SarosNet.java:261)
	at de.fu_berlin.inf.dpp.Saros.connect(Saros.java:660)
	at de.fu_berlin.inf.dpp.Saros.connect(Saros.java:681)
	at de.fu_berlin.inf.dpp.Saros$2.run(Saros.java:600)
	at de.fu_berlin.inf.dpp.util.Utils$2.run(Utils.java:175)
	at java.lang.Thread.run(Unknown Source)
WARN  2014-09-19 21:21:42,949 (StunServiceImpl.java:420) received no response from STUN server stunserver.org/132.177.123.6:3478 at local address /25.209.189.176:0
ERROR 2014-09-19 21:22:50,899 (SarosNet.java:385)  new connection state == ERROR
SASL authentication PLAIN failed: not-authorized: 
	at org.jivesoftware.smack.SASLAuthentication.authenticate(SASLAuthentication.java:342)
	at org.jivesoftware.smack.XMPPConnection.login(XMPPConnection.java:243)
	at de.fu_berlin.inf.dpp.net.SarosNet.connect(SarosNet.java:261)
	at de.fu_berlin.inf.dpp.Saros.connect(Saros.java:660)
	at de.fu_berlin.inf.dpp.Saros.connect(Saros.java:681)
	at de.fu_berlin.inf.dpp.Saros.connect(Saros.java:681)
	at de.fu_berlin.inf.dpp.Saros$2.run(Saros.java:600)
	at de.fu_berlin.inf.dpp.util.Utils$2.run(Utils.java:175)
	at java.lang.Thread.run(Unknown Source)
WARN  2014-09-19 21:23:00,844 (StunServiceImpl.java:420) received no response from STUN server stunserver.org/132.177.123.6:3478 at local address /25.209.189.176:0
WARN  2014-09-19 21:23:42,541 (StunServiceImpl.java:420) received no response from STUN server stunserver.org/132.177.123.6:3478 at local address /25.209.189.176:0
WARN  2014-09-19 21:24:38,179 (RosterUtils.java:333) Problem while adding a contact. User decided to add contact anyway. Problem:
service-unavailable(503)
WARN  2014-09-19 21:24:54,702 (EditorAPI.java:372) Could not get resource from IEditorInput org.eclipse.jdt.internal.ui.javaeditor.InternalClassFileEditorInput@d7c69880
WARN  2014-09-19 21:24:54,923 (EditorAPI.java:372) Could not get resource from IEditorInput org.eclipse.jdt.internal.ui.javaeditor.InternalClassFileEditorInput@a3c396c1
WARN  2014-09-19 21:24:55,216 (EditorAPI.java:372) Could not get resource from IEditorInput org.eclipse.jdt.internal.ui.javaeditor.InternalClassFileEditorInput@3e5eb0b5
WARN  2014-09-19 21:24:55,293 (EditorAPI.java:372) Could not get resource from IEditorInput org.eclipse.jdt.internal.ui.javaeditor.InternalClassFileEditorInput@8dfbd06
WARN  2014-09-19 21:24:55,379 (EditorAPI.java:372) Could not get resource from IEditorInput org.eclipse.jdt.internal.ui.javaeditor.InternalClassFileEditorInput@2e6e11e0
WARN  2014-09-19 21:24:55,444 (EditorAPI.java:372) Could not get resource from IEditorInput org.eclipse.jdt.internal.ui.javaeditor.InternalClassFileEditorInput@ed9384f0
WARN  2014-09-19 21:24:55,561 (EditorAPI.java:372) Could not get resource from IEditorInput org.eclipse.jdt.internal.ui.javaeditor.InternalClassFileEditorInput@2e6e11e0
WARN  2014-09-19 21:24:55,576 (EditorAPI.java:372) Could not get resource from IEditorInput org.eclipse.jdt.internal.ui.javaeditor.InternalClassFileEditorInput@d7c69880
WARN  2014-09-19 21:24:55,578 (EditorAPI.java:372) Could not get resource from IEditorInput org.eclipse.jdt.internal.ui.javaeditor.InternalClassFileEditorInput@a3c396c1
WARN  2014-09-19 21:24:55,580 (EditorAPI.java:372) Could not get resource from IEditorInput org.eclipse.jdt.internal.ui.javaeditor.InternalClassFileEditorInput@8dfbd06
WARN  2014-09-19 21:24:55,582 (EditorAPI.java:372) Could not get resource from IEditorInput org.eclipse.jdt.internal.ui.javaeditor.InternalClassFileEditorInput@3e5eb0b5
WARN  2014-09-19 21:24:55,584 (EditorAPI.java:372) Could not get resource from IEditorInput org.eclipse.jdt.internal.ui.javaeditor.InternalClassFileEditorInput@ed9384f0
ERROR 2014-09-19 21:25:07,844 (FileList.java:594) java.io.IOException: The process cannot access the file because another process has locked a portion of the file
ERROR 2014-09-19 21:25:16,759 (ByteStreamTransport.java:104) could not establish bytestream connection to deadlyass1@gmail.com/Saros64B708EA
Could not establish socket with any provided host: item-not-found(404) Could not establish socket with any provided host
	at org.jivesoftware.smackx.bytestreams.socks5.Socks5BytestreamRequest.cancelRequest(Socks5BytestreamRequest.java:277)
	at org.jivesoftware.smackx.bytestreams.socks5.Socks5BytestreamRequest.accept(Socks5BytestreamRequest.java:247)
	at org.jivesoftware.smackx.bytestreams.socks5.Socks5BytestreamRequest.accept(Socks5BytestreamRequest.java:34)
	at de.fu_berlin.inf.dpp.net.internal.Socks5Transport.handleResponse(Socks5Transport.java:329)
	at de.fu_berlin.inf.dpp.net.internal.Socks5Transport.acceptRequest(Socks5Transport.java:483)
	at de.fu_berlin.inf.dpp.net.internal.ByteStreamTransport$1.incomingBytestreamRequest(ByteStreamTransport.java:76)
	at org.jivesoftware.smackx.bytestreams.socks5.InitiationListener.processRequest(InitiationListener.java:91)
	at org.jivesoftware.smackx.bytestreams.socks5.InitiationListener.access$000(InitiationListener.java:37)
	at org.jivesoftware.smackx.bytestreams.socks5.InitiationListener$1.run(InitiationListener.java:63)
	at java.util.concurrent.ThreadPoolExecutor.runWorker(Unknown Source)
	at java.util.concurrent.ThreadPoolExecutor$Worker.run(Unknown Source)
	at java.lang.Thread.run(Unknown Source)
ERROR 2014-09-19 21:25:18,239 (ByteStreamTransport.java:104) could not establish bytestream connection to deadlyass1@gmail.com/Saros64B708EA
Could not establish socket with any provided host: item-not-found(404) Could not establish socket with any provided host
	at org.jivesoftware.smackx.bytestreams.socks5.Socks5BytestreamRequest.cancelRequest(Socks5BytestreamRequest.java:277)
	at org.jivesoftware.smackx.bytestreams.socks5.Socks5BytestreamRequest.accept(Socks5BytestreamRequest.java:247)
	at org.jivesoftware.smackx.bytestreams.socks5.Socks5BytestreamRequest.accept(Socks5BytestreamRequest.java:34)
	at de.fu_berlin.inf.dpp.net.internal.Socks5Transport.handleResponse(Socks5Transport.java:329)
	at de.fu_berlin.inf.dpp.net.internal.Socks5Transport.acceptRequest(Socks5Transport.java:483)
	at de.fu_berlin.inf.dpp.net.internal.ByteStreamTransport$1.incomingBytestreamRequest(ByteStreamTransport.java:76)
	at org.jivesoftware.smackx.bytestreams.socks5.InitiationListener.processRequest(InitiationListener.java:91)
	at org.jivesoftware.smackx.bytestreams.socks5.InitiationListener.access$000(InitiationListener.java:37)
	at org.jivesoftware.smackx.bytestreams.socks5.InitiationListener$1.run(InitiationListener.java:63)
	at java.util.concurrent.ThreadPoolExecutor.runWorker(Unknown Source)
	at java.util.concurrent.ThreadPoolExecutor$Worker.run(Unknown Source)
	at java.lang.Thread.run(Unknown Source)
WARN  2014-09-19 21:27:56,210 (SharedResourcesManager.java:413) Resource changed while paused:
C(0) /
C(0) /Minecraft
C(0) /Minecraft/eclipse
C(0) /Minecraft/eclipse/.metadata
C(0) /Minecraft/eclipse/.metadata/SarosLogs
C(0) /Minecraft/eclipse/.metadata/SarosLogs/2014-09-19
C(C) /Minecraft/eclipse/.metadata/SarosLogs/2014-09-19/Saros-Errors_2014-09-19_21-23-33.log
C(C) /Minecraft/eclipse/.metadata/SarosLogs/2014-09-19/Saros_condorcraft110@saros-con.imp.fu-berlin.de_2014-09-19_21-23-33.log

WARN  2014-09-19 21:27:59,369 (SharedResourcesManager.java:413) Resource changed while paused:
C(0) /
C(0) /Minecraft
C(0) /Minecraft/eclipse
C(0) /Minecraft/eclipse/.metadata
C(C) /Minecraft/eclipse/.metadata/.log

ERROR 2014-09-19 21:28:00,534 (CancelableProcess.java:267) OPN [remote side: deadlyass1@gmail.com/Saros64B708EA] I/O error occured
java.io.IOException: The process cannot access the file because another process has locked a portion of the file
	at java.io.FileInputStream.readBytes(Native Method)
	at java.io.FileInputStream.read(Unknown Source)
	at de.fu_berlin.inf.dpp.util.FileZipper.internalZipFiles(FileZipper.java:170)
	at de.fu_berlin.inf.dpp.util.FileZipper.createProjectZipArchive(FileZipper.java:88)
	at de.fu_berlin.inf.dpp.invitation.OutgoingProjectNegotiation.createProjectArchive(OutgoingProjectNegotiation.java:400)
	at de.fu_berlin.inf.dpp.invitation.OutgoingProjectNegotiation.createProjectArchives(OutgoingProjectNegotiation.java:366)
	at de.fu_berlin.inf.dpp.invitation.OutgoingProjectNegotiation.start(OutgoingProjectNegotiation.java:133)
	at de.fu_berlin.inf.dpp.ui.eventhandler.NegotiationHandler$OutgoingProjectJob.run(NegotiationHandler.java:159)
	at org.eclipse.core.internal.jobs.Worker.run(Worker.java:53)
ERROR 2014-09-19 21:28:00,536 (CancelableProcess.java:356) cancelled process OPN [remote side: deadlyass1@gmail.com/Saros64B708EA], error: I/O failure: The process cannot access the file because another process has locked a portion of the file
WARN  2014-09-19 21:28:06,773 (NullSarosSession.java:64) unexpected method call
WARN  2014-09-19 21:28:06,775 (NullSarosSession.java:64) unexpected method call
WARN  2014-09-19 21:28:10,845 (NullSarosSession.java:64) unexpected method call
WARN  2014-09-19 21:28:10,849 (NullSarosSession.java:64) unexpected method call
WARN  2014-09-19 21:28:24,410 (NullSarosSession.java:64) unexpected method call
WARN  2014-09-19 21:28:24,412 (NullSarosSession.java:64) unexpected method call
WARN  2014-09-19 21:28:24,419 (NullSarosSession.java:64) unexpected method call
WARN  2014-09-19 21:28:24,423 (NullSarosSession.java:64) unexpected method call
WARN  2014-09-19 21:28:25,423 (NullSarosSession.java:64) unexpected method call
WARN  2014-09-19 21:28:25,425 (NullSarosSession.java:64) unexpected method call
WARN  2014-09-19 21:28:26,833 (NullSarosSession.java:64) unexpected method call
WARN  2014-09-19 21:28:26,834 (NullSarosSession.java:64) unexpected method call
WARN  2014-09-19 21:28:27,165 (NullSarosSession.java:64) unexpected method call
WARN  2014-09-19 21:28:27,167 (NullSarosSession.java:64) unexpected method call
WARN  2014-09-19 21:28:27,168 (NullSarosSession.java:64) unexpected method call
WARN  2014-09-19 21:28:27,169 (NullSarosSession.java:64) unexpected method call
WARN  2014-09-19 21:28:27,675 (NullSarosSession.java:64) unexpected method call
WARN  2014-09-19 21:28:27,677 (NullSarosSession.java:64) unexpected method call
WARN  2014-09-19 21:28:29,166 (NullSarosSession.java:64) unexpected method call
WARN  2014-09-19 21:28:29,169 (NullSarosSession.java:64) unexpected method call
WARN  2014-09-19 21:28:31,088 (NullSarosSession.java:64) unexpected method call
WARN  2014-09-19 21:28:31,090 (NullSarosSession.java:64) unexpected method call
WARN  2014-09-19 21:28:31,380 (NullSarosSession.java:64) unexpected method call
WARN  2014-09-19 21:28:31,384 (NullSarosSession.java:64) unexpected method call
WARN  2014-09-19 21:28:31,415 (EditorAPI.java:372) Could not get resource from IEditorInput org.eclipse.jdt.internal.ui.javaeditor.InternalClassFileEditorInput@2e6e11e0
WARN  2014-09-19 21:28:31,418 (EditorAPI.java:372) Could not get resource from IEditorInput org.eclipse.jdt.internal.ui.javaeditor.InternalClassFileEditorInput@d7c69880
WARN  2014-09-19 21:28:31,420 (EditorAPI.java:372) Could not get resource from IEditorInput org.eclipse.jdt.internal.ui.javaeditor.InternalClassFileEditorInput@a3c396c1
WARN  2014-09-19 21:28:31,424 (EditorAPI.java:372) Could not get resource from IEditorInput org.eclipse.jdt.internal.ui.javaeditor.InternalClassFileEditorInput@8dfbd06
WARN  2014-09-19 21:28:31,426 (EditorAPI.java:372) Could not get resource from IEditorInput org.eclipse.jdt.internal.ui.javaeditor.InternalClassFileEditorInput@3e5eb0b5
WARN  2014-09-19 21:28:31,427 (EditorAPI.java:372) Could not get resource from IEditorInput org.eclipse.jdt.internal.ui.javaeditor.InternalClassFileEditorInput@ed9384f0
ERROR 2014-09-19 21:28:39,361 (ByteStreamTransport.java:104) could not establish bytestream connection to deadlyass1@gmail.com/Saros64B708EA
Could not establish socket with any provided host: item-not-found(404) Could not establish socket with any provided host
	at org.jivesoftware.smackx.bytestreams.socks5.Socks5BytestreamRequest.cancelRequest(Socks5BytestreamRequest.java:277)
	at org.jivesoftware.smackx.bytestreams.socks5.Socks5BytestreamRequest.accept(Socks5BytestreamRequest.java:247)
	at org.jivesoftware.smackx.bytestreams.socks5.Socks5BytestreamRequest.accept(Socks5BytestreamRequest.java:34)
	at de.fu_berlin.inf.dpp.net.internal.Socks5Transport.handleResponse(Socks5Transport.java:329)
	at de.fu_berlin.inf.dpp.net.internal.Socks5Transport.acceptRequest(Socks5Transport.java:483)
	at de.fu_berlin.inf.dpp.net.internal.ByteStreamTransport$1.incomingBytestreamRequest(ByteStreamTransport.java:76)
	at org.jivesoftware.smackx.bytestreams.socks5.InitiationListener.processRequest(InitiationListener.java:91)
	at org.jivesoftware.smackx.bytestreams.socks5.InitiationListener.access$000(InitiationListener.java:37)
	at org.jivesoftware.smackx.bytestreams.socks5.InitiationListener$1.run(InitiationListener.java:63)
	at java.util.concurrent.ThreadPoolExecutor.runWorker(Unknown Source)
	at java.util.concurrent.ThreadPoolExecutor$Worker.run(Unknown Source)
	at java.lang.Thread.run(Unknown Source)
ERROR 2014-09-19 21:28:39,963 (FileList.java:594) java.io.IOException: The process cannot access the file because another process has locked a portion of the file
WARN  2014-09-19 21:28:49,214 (SharedResourcesManager.java:413) Resource changed while paused:
C(0) /
C(0) /Minecraft
C(0) /Minecraft/eclipse
C(0) /Minecraft/eclipse/.metadata
C(0) /Minecraft/eclipse/.metadata/SarosLogs
C(0) /Minecraft/eclipse/.metadata/SarosLogs/2014-09-19
C(C) /Minecraft/eclipse/.metadata/SarosLogs/2014-09-19/Saros_condorcraft110@saros-con.imp.fu-berlin.de_2014-09-19_21-23-33.log

WARN  2014-09-19 21:28:52,097 (SharedResourcesManager.java:413) Resource changed while paused:
C(0) /
C(0) /Minecraft
C(0) /Minecraft/eclipse
C(0) /Minecraft/eclipse/.metadata
C(C) /Minecraft/eclipse/.metadata/.log

ERROR 2014-09-19 21:28:52,278 (CancelableProcess.java:267) OPN [remote side: deadlyass1@gmail.com/Saros64B708EA] I/O error occured
java.io.IOException: The process cannot access the file because another process has locked a portion of the file
	at java.io.FileInputStream.readBytes(Native Method)
	at java.io.FileInputStream.read(Unknown Source)
	at de.fu_berlin.inf.dpp.util.FileZipper.internalZipFiles(FileZipper.java:170)
	at de.fu_berlin.inf.dpp.util.FileZipper.createProjectZipArchive(FileZipper.java:88)
	at de.fu_berlin.inf.dpp.invitation.OutgoingProjectNegotiation.createProjectArchive(OutgoingProjectNegotiation.java:400)
	at de.fu_berlin.inf.dpp.invitation.OutgoingProjectNegotiation.createProjectArchives(OutgoingProjectNegotiation.java:366)
	at de.fu_berlin.inf.dpp.invitation.OutgoingProjectNegotiation.start(OutgoingProjectNegotiation.java:133)
	at de.fu_berlin.inf.dpp.ui.eventhandler.NegotiationHandler$OutgoingProjectJob.run(NegotiationHandler.java:159)
	at org.eclipse.core.internal.jobs.Worker.run(Worker.java:53)
ERROR 2014-09-19 21:28:52,279 (CancelableProcess.java:356) cancelled process OPN [remote side: deadlyass1@gmail.com/Saros64B708EA], error: I/O failure: The process cannot access the file because another process has locked a portion of the file
WARN  2014-09-19 21:28:58,162 (NullSarosSession.java:64) unexpected method call
WARN  2014-09-19 21:28:58,163 (NullSarosSession.java:64) unexpected method call
WARN  2014-09-19 21:28:59,329 (NullSarosSession.java:64) unexpected method call
WARN  2014-09-19 21:28:59,333 (NullSarosSession.java:64) unexpected method call
WARN  2014-09-19 21:29:02,971 (NullSarosSession.java:64) unexpected method call
WARN  2014-09-19 21:29:02,973 (NullSarosSession.java:64) unexpected method call
WARN  2014-09-19 21:29:02,982 (NullSarosSession.java:64) unexpected method call
WARN  2014-09-19 21:29:02,987 (NullSarosSession.java:64) unexpected method call
WARN  2014-09-19 21:29:12,503 (NullSarosSession.java:64) unexpected method call
WARN  2014-09-19 21:29:12,505 (NullSarosSession.java:64) unexpected method call
WARN  2014-09-19 21:29:13,817 (NullSarosSession.java:64) unexpected method call
WARN  2014-09-19 21:29:13,818 (NullSarosSession.java:64) unexpected method call
WARN  2014-09-19 21:29:14,985 (NullSarosSession.java:64) unexpected method call
WARN  2014-09-19 21:29:14,986 (NullSarosSession.java:64) unexpected method call
WARN  2014-09-19 21:29:16,031 (NullSarosSession.java:64) unexpected method call
WARN  2014-09-19 21:29:16,033 (NullSarosSession.java:64) unexpected method call
WARN  2014-09-19 21:29:24,030 (NullSarosSession.java:64) unexpected method call
WARN  2014-09-19 21:29:24,032 (NullSarosSession.java:64) unexpected method call
WARN  2014-09-19 21:29:25,202 (NullSarosSession.java:64) unexpected method call
WARN  2014-09-19 21:29:25,203 (NullSarosSession.java:64) unexpected method call
WARN  2014-09-19 21:29:25,204 (NullSarosSession.java:64) unexpected method call
WARN  2014-09-19 21:29:25,206 (NullSarosSession.java:64) unexpected method call
WARN  2014-09-19 21:29:26,888 (NullSarosSession.java:64) unexpected method call
WARN  2014-09-19 21:29:26,890 (NullSarosSession.java:64) unexpected method call
WARN  2014-09-19 21:29:27,178 (NullSarosSession.java:64) unexpected method call
WARN  2014-09-19 21:29:27,182 (NullSarosSession.java:64) unexpected method call
ERROR 2014-09-19 21:29:39,222 (ByteStreamTransport.java:104) could not establish bytestream connection to deadlyass1@gmail.com/Saros64B708EA
Could not establish socket with any provided host: item-not-found(404) Could not establish socket with any provided host
	at org.jivesoftware.smackx.bytestreams.socks5.Socks5BytestreamRequest.cancelRequest(Socks5BytestreamRequest.java:277)
	at org.jivesoftware.smackx.bytestreams.socks5.Socks5BytestreamRequest.accept(Socks5BytestreamRequest.java:247)
	at org.jivesoftware.smackx.bytestreams.socks5.Socks5BytestreamRequest.accept(Socks5BytestreamRequest.java:34)
	at de.fu_berlin.inf.dpp.net.internal.Socks5Transport.handleResponse(Socks5Transport.java:329)
	at de.fu_berlin.inf.dpp.net.internal.Socks5Transport.acceptRequest(Socks5Transport.java:483)
	at de.fu_berlin.inf.dpp.net.internal.ByteStreamTransport$1.incomingBytestreamRequest(ByteStreamTransport.java:76)
	at org.jivesoftware.smackx.bytestreams.socks5.InitiationListener.processRequest(InitiationListener.java:91)
	at org.jivesoftware.smackx.bytestreams.socks5.InitiationListener.access$000(InitiationListener.java:37)
	at org.jivesoftware.smackx.bytestreams.socks5.InitiationListener$1.run(InitiationListener.java:63)
	at java.util.concurrent.ThreadPoolExecutor.runWorker(Unknown Source)
	at java.util.concurrent.ThreadPoolExecutor$Worker.run(Unknown Source)
	at java.lang.Thread.run(Unknown Source)
ERROR 2014-09-19 21:29:39,727 (FileList.java:594) java.io.IOException: The process cannot access the file because another process has locked a portion of the file
ERROR 2014-09-19 21:29:51,767 (CancelableProcess.java:267) OPN [remote side: deadlyass1@gmail.com/Saros64B708EA] I/O error occured
java.io.IOException: The process cannot access the file because another process has locked a portion of the file
	at java.io.FileInputStream.readBytes(Native Method)
	at java.io.FileInputStream.read(Unknown Source)
	at de.fu_berlin.inf.dpp.util.FileZipper.internalZipFiles(FileZipper.java:170)
	at de.fu_berlin.inf.dpp.util.FileZipper.createProjectZipArchive(FileZipper.java:88)
	at de.fu_berlin.inf.dpp.invitation.OutgoingProjectNegotiation.createProjectArchive(OutgoingProjectNegotiation.java:400)
	at de.fu_berlin.inf.dpp.invitation.OutgoingProjectNegotiation.createProjectArchives(OutgoingProjectNegotiation.java:366)
	at de.fu_berlin.inf.dpp.invitation.OutgoingProjectNegotiation.start(OutgoingProjectNegotiation.java:133)
	at de.fu_berlin.inf.dpp.ui.eventhandler.NegotiationHandler$OutgoingProjectJob.run(NegotiationHandler.java:159)
	at org.eclipse.core.internal.jobs.Worker.run(Worker.java:53)
ERROR 2014-09-19 21:29:51,768 (CancelableProcess.java:356) cancelled process OPN [remote side: deadlyass1@gmail.com/Saros64B708EA], error: I/O failure: The process cannot access the file because another process has locked a portion of the file
WARN  2014-09-19 21:29:56,808 (NullSarosSession.java:64) unexpected method call
WARN  2014-09-19 21:29:56,809 (NullSarosSession.java:64) unexpected method call
WARN  2014-09-19 21:29:58,186 (NullSarosSession.java:64) unexpected method call
WARN  2014-09-19 21:29:58,189 (NullSarosSession.java:64) unexpected method call
WARN  2014-09-19 21:31:11,158 (NullSarosSession.java:64) unexpected method call
WARN  2014-09-19 21:31:11,161 (NullSarosSession.java:64) unexpected method call
WARN  2014-09-19 21:31:11,168 (NullSarosSession.java:64) unexpected method call
WARN  2014-09-19 21:31:11,171 (NullSarosSession.java:64) unexpected method call
WARN  2014-09-19 21:31:27,434 (NullSarosSession.java:64) unexpected method call
WARN  2014-09-19 21:31:27,435 (NullSarosSession.java:64) unexpected method call
WARN  2014-09-19 21:31:27,436 (NullSarosSession.java:64) unexpected method call
WARN  2014-09-19 21:31:27,438 (NullSarosSession.java:64) unexpected method call
WARN  2014-09-19 21:31:28,207 (NullSarosSession.java:64) unexpected method call
WARN  2014-09-19 21:31:28,209 (NullSarosSession.java:64) unexpected method call
WARN  2014-09-19 21:31:44,487 (NullSarosSession.java:64) unexpected method call
WARN  2014-09-19 21:31:44,489 (NullSarosSession.java:64) unexpected method call
WARN  2014-09-19 21:31:45,231 (NullSarosSession.java:64) unexpected method call
WARN  2014-09-19 21:31:45,233 (NullSarosSession.java:64) unexpected method call
WARN  2014-09-19 21:31:49,082 (NullSarosSession.java:64) unexpected method call
WARN  2014-09-19 21:31:49,084 (NullSarosSession.java:64) unexpected method call
WARN  2014-09-19 21:31:55,953 (NullSarosSession.java:64) unexpected method call
WARN  2014-09-19 21:31:55,955 (NullSarosSession.java:64) unexpected method call
WARN  2014-09-19 21:32:29,562 (NullSarosSession.java:64) unexpected method call
WARN  2014-09-19 21:32:29,564 (NullSarosSession.java:64) unexpected method call
WARN  2014-09-19 21:32:35,100 (NullSarosSession.java:64) unexpected method call
WARN  2014-09-19 21:32:35,101 (NullSarosSession.java:64) unexpected method call
WARN  2014-09-19 21:32:50,860 (NullSarosSession.java:64) unexpected method call
WARN  2014-09-19 21:32:50,862 (NullSarosSession.java:64) unexpected method call
WARN  2014-09-19 21:32:53,032 (NullSarosSession.java:64) unexpected method call
WARN  2014-09-19 21:32:53,034 (NullSarosSession.java:64) unexpected method call
WARN  2014-09-19 21:32:53,320 (NullSarosSession.java:64) unexpected method call
WARN  2014-09-19 21:32:53,323 (NullSarosSession.java:64) unexpected method call
ERROR 2014-09-19 21:33:42,258 (ByteStreamTransport.java:104) could not establish bytestream connection to deadlyass1@gmail.com/Saros0E607BD9
Could not establish socket with any provided host: item-not-found(404) Could not establish socket with any provided host
	at org.jivesoftware.smackx.bytestreams.socks5.Socks5BytestreamRequest.cancelRequest(Socks5BytestreamRequest.java:277)
	at org.jivesoftware.smackx.bytestreams.socks5.Socks5BytestreamRequest.accept(Socks5BytestreamRequest.java:247)
	at org.jivesoftware.smackx.bytestreams.socks5.Socks5BytestreamRequest.accept(Socks5BytestreamRequest.java:34)
	at de.fu_berlin.inf.dpp.net.internal.Socks5Transport.handleResponse(Socks5Transport.java:329)
	at de.fu_berlin.inf.dpp.net.internal.Socks5Transport.acceptRequest(Socks5Transport.java:483)
	at de.fu_berlin.inf.dpp.net.internal.ByteStreamTransport$1.incomingBytestreamRequest(ByteStreamTransport.java:76)
	at org.jivesoftware.smackx.bytestreams.socks5.InitiationListener.processRequest(InitiationListener.java:91)
	at org.jivesoftware.smackx.bytestreams.socks5.InitiationListener.access$000(InitiationListener.java:37)
	at org.jivesoftware.smackx.bytestreams.socks5.InitiationListener$1.run(InitiationListener.java:63)
	at java.util.concurrent.ThreadPoolExecutor.runWorker(Unknown Source)
	at java.util.concurrent.ThreadPoolExecutor$Worker.run(Unknown Source)
	at java.lang.Thread.run(Unknown Source)
ERROR 2014-09-19 21:33:43,722 (ByteStreamTransport.java:104) could not establish bytestream connection to deadlyass1@gmail.com/Saros0E607BD9
Could not establish socket with any provided host: item-not-found(404) Could not establish socket with any provided host
	at org.jivesoftware.smackx.bytestreams.socks5.Socks5BytestreamRequest.cancelRequest(Socks5BytestreamRequest.java:277)
	at org.jivesoftware.smackx.bytestreams.socks5.Socks5BytestreamRequest.accept(Socks5BytestreamRequest.java:247)
	at org.jivesoftware.smackx.bytestreams.socks5.Socks5BytestreamRequest.accept(Socks5BytestreamRequest.java:34)
	at de.fu_berlin.inf.dpp.net.internal.Socks5Transport.handleResponse(Socks5Transport.java:329)
	at de.fu_berlin.inf.dpp.net.internal.Socks5Transport.acceptRequest(Socks5Transport.java:483)
	at de.fu_berlin.inf.dpp.net.internal.ByteStreamTransport$1.incomingBytestreamRequest(ByteStreamTransport.java:76)
	at org.jivesoftware.smackx.bytestreams.socks5.InitiationListener.processRequest(InitiationListener.java:91)
	at org.jivesoftware.smackx.bytestreams.socks5.InitiationListener.access$000(InitiationListener.java:37)
	at org.jivesoftware.smackx.bytestreams.socks5.InitiationListener$1.run(InitiationListener.java:63)
	at java.util.concurrent.ThreadPoolExecutor.runWorker(Unknown Source)
	at java.util.concurrent.ThreadPoolExecutor$Worker.run(Unknown Source)
	at java.lang.Thread.run(Unknown Source)
ERROR 2014-09-19 21:33:44,135 (FileList.java:594) java.io.IOException: The process cannot access the file because another process has locked a portion of the file
WARN  2014-09-19 21:33:56,125 (SharedResourcesManager.java:413) Resource changed while paused:
C(0) /
C(0) /Minecraft
C(0) /Minecraft/eclipse
C(0) /Minecraft/eclipse/.metadata
C(0) /Minecraft/eclipse/.metadata/SarosLogs
C(0) /Minecraft/eclipse/.metadata/SarosLogs/2014-09-19
C(C) /Minecraft/eclipse/.metadata/SarosLogs/2014-09-19/Saros_condorcraft110@saros-con.imp.fu-berlin.de_2014-09-19_21-23-33.log

ERROR 2014-09-19 21:33:58,026 (CancelableProcess.java:267) OPN [remote side: deadlyass1@gmail.com/Saros0E607BD9] I/O error occured
java.io.IOException: The process cannot access the file because another process has locked a portion of the file
	at java.io.FileInputStream.readBytes(Native Method)
	at java.io.FileInputStream.read(Unknown Source)
	at de.fu_berlin.inf.dpp.util.FileZipper.internalZipFiles(FileZipper.java:170)
	at de.fu_berlin.inf.dpp.util.FileZipper.createProjectZipArchive(FileZipper.java:88)
	at de.fu_berlin.inf.dpp.invitation.OutgoingProjectNegotiation.createProjectArchive(OutgoingProjectNegotiation.java:400)
	at de.fu_berlin.inf.dpp.invitation.OutgoingProjectNegotiation.createProjectArchives(OutgoingProjectNegotiation.java:366)
	at de.fu_berlin.inf.dpp.invitation.OutgoingProjectNegotiation.start(OutgoingProjectNegotiation.java:133)
	at de.fu_berlin.inf.dpp.ui.eventhandler.NegotiationHandler$OutgoingProjectJob.run(NegotiationHandler.java:159)
	at org.eclipse.core.internal.jobs.Worker.run(Worker.java:53)
ERROR 2014-09-19 21:33:58,028 (CancelableProcess.java:356) cancelled process OPN [remote side: deadlyass1@gmail.com/Saros0E607BD9], error: I/O failure: The process cannot access the file because another process has locked a portion of the file
WARN  2014-09-19 21:34:09,095 (NullSarosSession.java:64) unexpected method call
WARN  2014-09-19 21:34:09,096 (NullSarosSession.java:64) unexpected method call
WARN  2014-09-19 21:34:15,832 (NullSarosSession.java:64) unexpected method call
WARN  2014-09-19 21:34:15,836 (NullSarosSession.java:64) unexpected method call
WARN  2014-09-19 21:34:17,068 (NullSarosSession.java:64) unexpected method call
WARN  2014-09-19 21:34:17,070 (NullSarosSession.java:64) unexpected method call
WARN  2014-09-19 21:34:17,078 (NullSarosSession.java:64) unexpected method call
WARN  2014-09-19 21:34:17,081 (NullSarosSession.java:64) unexpected method call
WARN  2014-09-19 21:34:52,423 (NullSarosSession.java:64) unexpected method call
WARN  2014-09-19 21:34:52,425 (NullSarosSession.java:64) unexpected method call
WARN  2014-09-19 21:34:52,426 (NullSarosSession.java:64) unexpected method call
WARN  2014-09-19 21:34:52,428 (NullSarosSession.java:64) unexpected method call
WARN  2014-09-19 21:34:54,615 (NullSarosSession.java:64) unexpected method call
WARN  2014-09-19 21:34:54,618 (NullSarosSession.java:64) unexpected method call
WARN  2014-09-19 21:34:54,905 (NullSarosSession.java:64) unexpected method call
WARN  2014-09-19 21:34:54,909 (NullSarosSession.java:64) unexpected method call
ERROR 2014-09-19 21:34:59,946 (ByteStreamTransport.java:104) could not establish bytestream connection to deadlyass1@gmail.com/Saros0E607BD9
Could not establish socket with any provided host: item-not-found(404) Could not establish socket with any provided host
	at org.jivesoftware.smackx.bytestreams.socks5.Socks5BytestreamRequest.cancelRequest(Socks5BytestreamRequest.java:277)
	at org.jivesoftware.smackx.bytestreams.socks5.Socks5BytestreamRequest.accept(Socks5BytestreamRequest.java:247)
	at org.jivesoftware.smackx.bytestreams.socks5.Socks5BytestreamRequest.accept(Socks5BytestreamRequest.java:34)
	at de.fu_berlin.inf.dpp.net.internal.Socks5Transport.handleResponse(Socks5Transport.java:329)
	at de.fu_berlin.inf.dpp.net.internal.Socks5Transport.acceptRequest(Socks5Transport.java:483)
	at de.fu_berlin.inf.dpp.net.internal.ByteStreamTransport$1.incomingBytestreamRequest(ByteStreamTransport.java:76)
	at org.jivesoftware.smackx.bytestreams.socks5.InitiationListener.processRequest(InitiationListener.java:91)
	at org.jivesoftware.smackx.bytestreams.socks5.InitiationListener.access$000(InitiationListener.java:37)
	at org.jivesoftware.smackx.bytestreams.socks5.InitiationListener$1.run(InitiationListener.java:63)
	at java.util.concurrent.ThreadPoolExecutor.runWorker(Unknown Source)
	at java.util.concurrent.ThreadPoolExecutor$Worker.run(Unknown Source)
	at java.lang.Thread.run(Unknown Source)
ERROR 2014-09-19 21:35:00,660 (FileList.java:594) java.io.IOException: The process cannot access the file because another process has locked a portion of the file
ERROR 2014-09-19 21:35:26,455 (CancelableProcess.java:267) OPN [remote side: deadlyass1@gmail.com/Saros0E607BD9] I/O error occured
java.io.IOException: The process cannot access the file because another process has locked a portion of the file
	at java.io.FileInputStream.readBytes(Native Method)
	at java.io.FileInputStream.read(Unknown Source)
	at de.fu_berlin.inf.dpp.util.FileZipper.internalZipFiles(FileZipper.java:170)
	at de.fu_berlin.inf.dpp.util.FileZipper.createProjectZipArchive(FileZipper.java:88)
	at de.fu_berlin.inf.dpp.invitation.OutgoingProjectNegotiation.createProjectArchive(OutgoingProjectNegotiation.java:400)
	at de.fu_berlin.inf.dpp.invitation.OutgoingProjectNegotiation.createProjectArchives(OutgoingProjectNegotiation.java:366)
	at de.fu_berlin.inf.dpp.invitation.OutgoingProjectNegotiation.start(OutgoingProjectNegotiation.java:133)
	at de.fu_berlin.inf.dpp.ui.eventhandler.NegotiationHandler$OutgoingProjectJob.run(NegotiationHandler.java:159)
	at org.eclipse.core.internal.jobs.Worker.run(Worker.java:53)
ERROR 2014-09-19 21:35:26,456 (CancelableProcess.java:356) cancelled process OPN [remote side: deadlyass1@gmail.com/Saros0E607BD9], error: I/O failure: The process cannot access the file because another process has locked a portion of the file
WARN  2014-09-19 21:36:52,805 (NullSarosSession.java:64) unexpected method call
WARN  2014-09-19 21:36:52,807 (NullSarosSession.java:64) unexpected method call
WARN  2014-09-19 21:36:54,078 (NullSarosSession.java:64) unexpected method call
WARN  2014-09-19 21:36:54,081 (NullSarosSession.java:64) unexpected method call
WARN  2014-09-19 21:36:54,147 (NullSarosSession.java:64) unexpected method call
WARN  2014-09-19 21:36:54,149 (NullSarosSession.java:64) unexpected method call
WARN  2014-09-19 21:36:54,155 (NullSarosSession.java:64) unexpected method call
WARN  2014-09-19 21:36:54,158 (NullSarosSession.java:64) unexpected method call
WARN  2014-09-19 21:36:59,030 (NullSarosSession.java:64) unexpected method call
WARN  2014-09-19 21:36:59,034 (NullSarosSession.java:64) unexpected method call
WARN  2014-09-19 21:37:02,897 (MultiUserChatService.java:125) MUC service is not available, aborting connection request
WARN  2014-09-19 21:37:03,847 (Socks5Transport.java:425) [SOCKS5] Couldn't accept request but still trying to establish a response connection: Could not establish socket with any provided host
WARN  2014-09-19 21:38:38,928 (LeaveAndKickHandler.java:132) received leave message from user deadlyass1 which is not the host of the current session
WARN  2014-09-19 21:38:38,930 (NullSarosSession.java:64) unexpected method call
WARN  2014-09-19 21:38:38,955 (NullSarosSession.java:64) unexpected method call
WARN  2014-09-19 21:38:38,964 (SarosSession.java:641) failed to notify user deadlyass1 about local session stop
java.io.IOException: not connected to deadlyass1@gmail.com/Saros0E607BD9 [connection identifier=saros-main-session]
	at de.fu_berlin.inf.dpp.net.internal.DataTransferManager.sendData(DataTransferManager.java:209)
	at de.fu_berlin.inf.dpp.net.internal.XMPPTransmitter.sendToSessionUser(XMPPTransmitter.java:91)
	at de.fu_berlin.inf.dpp.project.internal.SarosSession.stop(SarosSession.java:637)
	at de.fu_berlin.inf.dpp.project.SarosSessionManager.stopSarosSession(SarosSessionManager.java:342)
	at de.fu_berlin.inf.dpp.net.business.LeaveAndKickHandler$5.run(LeaveAndKickHandler.java:155)
	at de.fu_berlin.inf.dpp.util.Utils$2.run(Utils.java:175)
	at java.lang.Thread.run(Unknown Source)
WARN  2014-09-19 21:38:39,041 (NullSarosSession.java:64) unexpected method call
WARN  2014-09-19 21:38:39,044 (NullSarosSession.java:64) unexpected method call
WARN  2014-09-19 21:38:40,332 (NullSarosSession.java:64) unexpected method call
WARN  2014-09-19 21:38:40,336 (NullSarosSession.java:64) unexpected method call
WARN  2014-09-19 21:38:46,513 (NullSarosSession.java:64) unexpected method call
WARN  2014-09-19 21:38:46,515 (NullSarosSession.java:64) unexpected method call
WARN  2014-09-19 21:38:46,516 (NullSarosSession.java:64) unexpected method call
WARN  2014-09-19 21:38:46,517 (NullSarosSession.java:64) unexpected method call
WARN  2014-09-19 21:38:47,042 (NullSarosSession.java:64) unexpected method call
WARN  2014-09-19 21:38:47,043 (NullSarosSession.java:64) unexpected method call
WARN  2014-09-19 21:38:48,771 (NullSarosSession.java:64) unexpected method call
WARN  2014-09-19 21:38:48,774 (NullSarosSession.java:64) unexpected method call
WARN  2014-09-19 21:38:50,897 (NullSarosSession.java:64) unexpected method call
WARN  2014-09-19 21:38:50,900 (NullSarosSession.java:64) unexpected method call
WARN  2014-09-19 21:38:50,906 (NullSarosSession.java:64) unexpected method call
WARN  2014-09-19 21:38:50,910 (NullSarosSession.java:64) unexpected method call
WARN  2014-09-19 21:42:07,314 (NullSarosSession.java:64) unexpected method call
WARN  2014-09-19 21:42:07,316 (NullSarosSession.java:64) unexpected method call
WARN  2014-09-19 21:42:07,368 (NullSarosSession.java:64) unexpected method call
WARN  2014-09-19 21:42:07,371 (NullSarosSession.java:64) unexpected method call
WARN  2014-09-19 21:42:13,004 (MultiUserChatService.java:125) MUC service is not available, aborting connection request
WARN  2014-09-19 21:42:14,019 (Socks5Transport.java:425) [SOCKS5] Couldn't accept request but still trying to establish a response connection: Could not establish socket with any provided host
WARN  2014-09-19 21:42:16,377 (Socks5Transport.java:425) [SOCKS5] Couldn't accept request but still trying to establish a response connection: Could not establish socket with any provided host
ERROR 2014-09-19 21:43:19,942 (CancelableProcess.java:369) cancelled process IPN [remote side: deadlyass1@gmail.com/Saros94A034D2] because the remote side encountered an error: I/O failure: Det går inte att få åtkomst till filen eftersom en annan process har låst en del av filen
WARN  2014-09-19 21:43:19,944 (NullSarosSession.java:64) unexpected method call
WARN  2014-09-19 21:43:19,946 (NullSarosSession.java:64) unexpected method call
WARN  2014-09-19 21:43:51,151 (NullSarosSession.java:64) unexpected method call
WARN  2014-09-19 21:43:51,153 (NullSarosSession.java:64) unexpected method call
WARN  2014-09-19 21:43:51,161 (NullSarosSession.java:64) unexpected method call
WARN  2014-09-19 21:43:51,164 (NullSarosSession.java:64) unexpected method call
WARN  2014-09-19 21:44:18,755 (NullSarosSession.java:64) unexpected method call
WARN  2014-09-19 21:44:18,756 (NullSarosSession.java:64) unexpected method call
WARN  2014-09-19 21:44:20,478 (NullSarosSession.java:64) unexpected method call
WARN  2014-09-19 21:44:20,479 (NullSarosSession.java:64) unexpected method call
WARN  2014-09-19 21:44:37,142 (NullSarosSession.java:64) unexpected method call
WARN  2014-09-19 21:44:37,143 (NullSarosSession.java:64) unexpected method call
WARN  2014-09-19 21:44:47,916 (NullSarosSession.java:64) unexpected method call
WARN  2014-09-19 21:44:47,917 (NullSarosSession.java:64) unexpected method call
WARN  2014-09-19 21:44:48,269 (NullSarosSession.java:64) unexpected method call
WARN  2014-09-19 21:44:48,271 (NullSarosSession.java:64) unexpected method call
WARN  2014-09-19 21:44:50,127 (NullSarosSession.java:64) unexpected method call
WARN  2014-09-19 21:44:50,129 (NullSarosSession.java:64) unexpected method call
WARN  2014-09-19 21:44:57,311 (NullSarosSession.java:64) unexpected method call
WARN  2014-09-19 21:44:57,313 (NullSarosSession.java:64) unexpected method call
WARN  2014-09-19 21:44:57,524 (NullSarosSession.java:64) unexpected method call
WARN  2014-09-19 21:44:57,525 (NullSarosSession.java:64) unexpected method call
WARN  2014-09-19 21:45:28,558 (NullSarosSession.java:64) unexpected method call
WARN  2014-09-19 21:45:28,560 (NullSarosSession.java:64) unexpected method call
WARN  2014-09-19 21:45:28,702 (NullSarosSession.java:64) unexpected method call
WARN  2014-09-19 21:45:28,704 (NullSarosSession.java:64) unexpected method call
WARN  2014-09-19 21:45:30,211 (NullSarosSession.java:64) unexpected method call
WARN  2014-09-19 21:45:30,213 (NullSarosSession.java:64) unexpected method call
WARN  2014-09-19 21:45:31,335 (NullSarosSession.java:64) unexpected method call
WARN  2014-09-19 21:45:31,336 (NullSarosSession.java:64) unexpected method call
WARN  2014-09-19 21:45:32,188 (NullSarosSession.java:64) unexpected method call
WARN  2014-09-19 21:45:32,190 (NullSarosSession.java:64) unexpected method call
WARN  2014-09-19 21:45:55,770 (NullSarosSession.java:64) unexpected method call
WARN  2014-09-19 21:45:55,772 (NullSarosSession.java:64) unexpected method call
WARN  2014-09-19 21:46:08,406 (NullSarosSession.java:64) unexpected method call
WARN  2014-09-19 21:46:08,407 (NullSarosSession.java:64) unexpected method call
WARN  2014-09-19 21:46:19,242 (StunServiceImpl.java:420) received no response from STUN server stunserver.org/132.177.123.6:3478 at local address /25.209.189.176:0
WARN  2014-09-19 21:46:27,561 (NullSarosSession.java:64) unexpected method call
WARN  2014-09-19 21:46:27,563 (NullSarosSession.java:64) unexpected method call
WARN  2014-09-19 21:46:55,829 (NullSarosSession.java:64) unexpected method call
WARN  2014-09-19 21:46:55,831 (NullSarosSession.java:64) unexpected method call
WARN  2014-09-19 21:46:56,086 (NullSarosSession.java:64) unexpected method call
WARN  2014-09-19 21:46:56,088 (NullSarosSession.java:64) unexpected method call
WARN  2014-09-19 21:46:56,869 (NullSarosSession.java:64) unexpected method call
WARN  2014-09-19 21:46:56,870 (NullSarosSession.java:64) unexpected method call
WARN  2014-09-19 21:46:57,684 (NullSarosSession.java:64) unexpected method call
WARN  2014-09-19 21:46:57,687 (NullSarosSession.java:64) unexpected method call
WARN  2014-09-19 21:46:59,970 (NullSarosSession.java:64) unexpected method call
WARN  2014-09-19 21:46:59,971 (NullSarosSession.java:64) unexpected method call
WARN  2014-09-19 21:46:59,974 (NullSarosSession.java:64) unexpected method call
WARN  2014-09-19 21:46:59,978 (NullSarosSession.java:64) unexpected method call
WARN  2014-09-19 21:47:00,037 (NullSarosSession.java:64) unexpected method call
WARN  2014-09-19 21:47:00,042 (NullSarosSession.java:64) unexpected method call
WARN  2014-09-19 21:47:04,592 (MultiUserChatService.java:125) MUC service is not available, aborting connection request
WARN  2014-09-19 21:47:05,622 (Socks5Transport.java:425) [SOCKS5] Couldn't accept request but still trying to establish a response connection: Could not establish socket with any provided host
WARN  2014-09-19 21:47:08,573 (Socks5Transport.java:425) [SOCKS5] Couldn't accept request but still trying to establish a response connection: Could not establish socket with any provided host
ERROR 2014-09-19 21:47:26,680 (CancelableProcess.java:369) cancelled process IPN [remote side: deadlyass1@gmail.com/Saros94A034D2] because the remote side encountered an error: I/O failure: Det går inte att få åtkomst till filen eftersom en annan process har låst en del av filen
WARN  2014-09-19 21:47:26,681 (NullSarosSession.java:64) unexpected method call
WARN  2014-09-19 21:47:26,682 (NullSarosSession.java:64) unexpected method call
WARN  2014-09-19 21:47:56,114 (NullSarosSession.java:64) unexpected method call
WARN  2014-09-19 21:47:56,116 (NullSarosSession.java:64) unexpected method call
WARN  2014-09-19 21:47:56,124 (NullSarosSession.java:64) unexpected method call
WARN  2014-09-19 21:47:56,127 (NullSarosSession.java:64) unexpected method call
WARN  2014-09-19 21:47:56,581 (NullSarosSession.java:64) unexpected method call
WARN  2014-09-19 21:47:56,583 (NullSarosSession.java:64) unexpected method call
WARN  2014-09-19 21:49:32,680 (NullSarosSession.java:64) unexpected method call
WARN  2014-09-19 21:49:32,682 (NullSarosSession.java:64) unexpected method call
WARN  2014-09-19 21:50:12,411 (NullSarosSession.java:64) unexpected method call
WARN  2014-09-19 21:50:12,413 (NullSarosSession.java:64) unexpected method call
WARN  2014-09-19 21:50:16,516 (NullSarosSession.java:64) unexpected method call
WARN  2014-09-19 21:50:16,517 (NullSarosSession.java:64) unexpected method call
WARN  2014-09-19 21:50:18,454 (NullSarosSession.java:64) unexpected method call
WARN  2014-09-19 21:50:18,456 (NullSarosSession.java:64) unexpected method call
WARN  2014-09-19 21:50:38,542 (DiscoveryManager.java:445) Service Discovery failed on recipient deadlyass1@gmail.com/Saros94A034D2 server: saros-con.imp.fu-berlin.de
service-unavailable(503)
	at org.jivesoftware.smackx.ServiceDiscoveryManager.discoverInfo(ServiceDiscoveryManager.java:557)
	at org.jivesoftware.smackx.ServiceDiscoveryManager.discoverInfo(ServiceDiscoveryManager.java:512)
	at de.fu_berlin.inf.dpp.net.discoverymanager.DiscoveryManager.performServiceDiscovery(DiscoveryManager.java:442)
	at de.fu_berlin.inf.dpp.net.discoverymanager.DiscoveryManager.queryFeatureSupport(DiscoveryManager.java:379)
	at de.fu_berlin.inf.dpp.net.discoverymanager.DiscoveryManager.access$3(DiscoveryManager.java:346)
	at de.fu_berlin.inf.dpp.net.discoverymanager.DiscoveryManager$2.run(DiscoveryManager.java:325)
	at de.fu_berlin.inf.dpp.util.Utils$2.run(Utils.java:175)
	at java.util.concurrent.ThreadPoolExecutor.runWorker(Unknown Source)
	at java.util.concurrent.ThreadPoolExecutor$Worker.run(Unknown Source)
	at java.lang.Thread.run(Unknown Source)
WARN  2014-09-19 21:50:38,771 (DiscoveryManager.java:445) Service Discovery failed on recipient deadlyass1@gmail.com/Saros94A034D2 server: saros-con.imp.fu-berlin.de
service-unavailable(503)
	at org.jivesoftware.smackx.ServiceDiscoveryManager.discoverInfo(ServiceDiscoveryManager.java:557)
	at org.jivesoftware.smackx.ServiceDiscoveryManager.discoverInfo(ServiceDiscoveryManager.java:512)
	at de.fu_berlin.inf.dpp.net.discoverymanager.DiscoveryManager.performServiceDiscovery(DiscoveryManager.java:442)
	at de.fu_berlin.inf.dpp.net.discoverymanager.DiscoveryManager.queryFeatureSupport(DiscoveryManager.java:379)
	at de.fu_berlin.inf.dpp.net.discoverymanager.DiscoveryManager.access$3(DiscoveryManager.java:346)
	at de.fu_berlin.inf.dpp.net.discoverymanager.DiscoveryManager$2.run(DiscoveryManager.java:325)
	at de.fu_berlin.inf.dpp.util.Utils$2.run(Utils.java:175)
	at java.util.concurrent.ThreadPoolExecutor.runWorker(Unknown Source)
	at java.util.concurrent.ThreadPoolExecutor$Worker.run(Unknown Source)
	at java.lang.Thread.run(Unknown Source)
WARN  2014-09-19 21:50:39,009 (DiscoveryManager.java:445) Service Discovery failed on recipient deadlyass1@gmail.com/Saros94A034D2 server: saros-con.imp.fu-berlin.de
service-unavailable(503)
	at org.jivesoftware.smackx.ServiceDiscoveryManager.discoverInfo(ServiceDiscoveryManager.java:557)
	at org.jivesoftware.smackx.ServiceDiscoveryManager.discoverInfo(ServiceDiscoveryManager.java:512)
	at de.fu_berlin.inf.dpp.net.discoverymanager.DiscoveryManager.performServiceDiscovery(DiscoveryManager.java:442)
	at de.fu_berlin.inf.dpp.net.discoverymanager.DiscoveryManager.queryFeatureSupport(DiscoveryManager.java:379)
	at de.fu_berlin.inf.dpp.net.discoverymanager.DiscoveryManager.access$3(DiscoveryManager.java:346)
	at de.fu_berlin.inf.dpp.net.discoverymanager.DiscoveryManager$2.run(DiscoveryManager.java:325)
	at de.fu_berlin.inf.dpp.util.Utils$2.run(Utils.java:175)
	at java.util.concurrent.ThreadPoolExecutor.runWorker(Unknown Source)
	at java.util.concurrent.ThreadPoolExecutor$Worker.run(Unknown Source)
	at java.lang.Thread.run(Unknown Source)
WARN  2014-09-19 21:50:39,238 (DiscoveryManager.java:445) Service Discovery failed on recipient deadlyass1@gmail.com/Saros94A034D2 server: saros-con.imp.fu-berlin.de
service-unavailable(503)
	at org.jivesoftware.smackx.ServiceDiscoveryManager.discoverInfo(ServiceDiscoveryManager.java:557)
	at org.jivesoftware.smackx.ServiceDiscoveryManager.discoverInfo(ServiceDiscoveryManager.java:512)
	at de.fu_berlin.inf.dpp.net.discoverymanager.DiscoveryManager.performServiceDiscovery(DiscoveryManager.java:442)
	at de.fu_berlin.inf.dpp.net.discoverymanager.DiscoveryManager.queryFeatureSupport(DiscoveryManager.java:379)
	at de.fu_berlin.inf.dpp.net.discoverymanager.DiscoveryManager.access$3(DiscoveryManager.java:346)
	at de.fu_berlin.inf.dpp.net.discoverymanager.DiscoveryManager$2.run(DiscoveryManager.java:325)
	at de.fu_berlin.inf.dpp.util.Utils$2.run(Utils.java:175)
	at java.util.concurrent.ThreadPoolExecutor.runWorker(Unknown Source)
	at java.util.concurrent.ThreadPoolExecutor$Worker.run(Unknown Source)
	at java.lang.Thread.run(Unknown Source)
WARN  2014-09-19 21:50:39,542 (DiscoveryManager.java:445) Service Discovery failed on recipient deadlyass1@gmail.com/Saros94A034D2 server: saros-con.imp.fu-berlin.de
service-unavailable(503)
	at org.jivesoftware.smackx.ServiceDiscoveryManager.discoverInfo(ServiceDiscoveryManager.java:557)
	at org.jivesoftware.smackx.ServiceDiscoveryManager.discoverInfo(ServiceDiscoveryManager.java:512)
	at de.fu_berlin.inf.dpp.net.discoverymanager.DiscoveryManager.performServiceDiscovery(DiscoveryManager.java:442)
	at de.fu_berlin.inf.dpp.net.discoverymanager.DiscoveryManager.queryFeatureSupport(DiscoveryManager.java:379)
	at de.fu_berlin.inf.dpp.net.discoverymanager.DiscoveryManager.access$3(DiscoveryManager.java:346)
	at de.fu_berlin.inf.dpp.net.discoverymanager.DiscoveryManager$2.run(DiscoveryManager.java:325)
	at de.fu_berlin.inf.dpp.util.Utils$2.run(Utils.java:175)
	at java.util.concurrent.ThreadPoolExecutor.runWorker(Unknown Source)
	at java.util.concurrent.ThreadPoolExecutor$Worker.run(Unknown Source)
	at java.lang.Thread.run(Unknown Source)
WARN  2014-09-19 21:50:41,894 (NullSarosSession.java:64) unexpected method call
WARN  2014-09-19 21:50:41,897 (NullSarosSession.java:64) unexpected method call
WARN  2014-09-19 21:51:20,275 (NullSarosSession.java:64) unexpected method call
WARN  2014-09-19 21:51:20,277 (NullSarosSession.java:64) unexpected method call
WARN  2014-09-19 21:51:38,704 (NullSarosSession.java:64) unexpected method call
WARN  2014-09-19 21:51:38,706 (NullSarosSession.java:64) unexpected method call
WARN  2014-09-19 21:53:07,029 (NullSarosSession.java:64) unexpected method call
WARN  2014-09-19 21:53:07,032 (NullSarosSession.java:64) unexpected method call
WARN  2014-09-19 21:53:14,155 (NullSarosSession.java:64) unexpected method call
WARN  2014-09-19 21:53:14,156 (NullSarosSession.java:64) unexpected method call
WARN  2014-09-19 21:56:51,972 (NullSarosSession.java:64) unexpected method call
WARN  2014-09-19 21:56:51,973 (NullSarosSession.java:64) unexpected method call
WARN  2014-09-19 21:57:21,029 (NullSarosSession.java:64) unexpected method call
WARN  2014-09-19 21:57:21,031 (NullSarosSession.java:64) unexpected method call
ERROR 2014-09-19 22:15:25,921 (SarosNet.java:95) XMPP connection error: 
java.net.SocketException: Connection reset
	at java.net.SocketInputStream.read(Unknown Source)
	at java.net.SocketInputStream.read(Unknown Source)
	at sun.security.ssl.InputRecord.readFully(Unknown Source)
	at sun.security.ssl.InputRecord.read(Unknown Source)
	at sun.security.ssl.SSLSocketImpl.readRecord(Unknown Source)
	at sun.security.ssl.SSLSocketImpl.readDataRecord(Unknown Source)
	at sun.security.ssl.AppInputStream.read(Unknown Source)
	at sun.nio.cs.StreamDecoder.readBytes(Unknown Source)
	at sun.nio.cs.StreamDecoder.implRead(Unknown Source)
	at sun.nio.cs.StreamDecoder.read(Unknown Source)
	at java.io.InputStreamReader.read(Unknown Source)
	at java.io.BufferedReader.fill(Unknown Source)
	at java.io.BufferedReader.read1(Unknown Source)
	at java.io.BufferedReader.read(Unknown Source)
	at org.xmlpull.mxp1.MXParser.fillBuf(MXParser.java:2992)
	at org.xmlpull.mxp1.MXParser.more(MXParser.java:3046)
	at org.xmlpull.mxp1.MXParser.nextImpl(MXParser.java:1144)
	at org.xmlpull.mxp1.MXParser.next(MXParser.java:1093)
	at org.jivesoftware.smack.PacketReader.parsePackets(PacketReader.java:316)
	at org.jivesoftware.smack.PacketReader.access$000(PacketReader.java:46)
	at org.jivesoftware.smack.PacketReader$1.run(PacketReader.java:72)
ERROR 2014-09-19 22:15:25,923 (SarosNet.java:385)  new connection state == ERROR
java.net.SocketException: Connection reset
	at java.net.SocketInputStream.read(Unknown Source)
	at java.net.SocketInputStream.read(Unknown Source)
	at sun.security.ssl.InputRecord.readFully(Unknown Source)
	at sun.security.ssl.InputRecord.read(Unknown Source)
	at sun.security.ssl.SSLSocketImpl.readRecord(Unknown Source)
	at sun.security.ssl.SSLSocketImpl.readDataRecord(Unknown Source)
	at sun.security.ssl.AppInputStream.read(Unknown Source)
	at sun.nio.cs.StreamDecoder.readBytes(Unknown Source)
	at sun.nio.cs.StreamDecoder.implRead(Unknown Source)
	at sun.nio.cs.StreamDecoder.read(Unknown Source)
	at java.io.InputStreamReader.read(Unknown Source)
	at java.io.BufferedReader.fill(Unknown Source)
	at java.io.BufferedReader.read1(Unknown Source)
	at java.io.BufferedReader.read(Unknown Source)
	at org.xmlpull.mxp1.MXParser.fillBuf(MXParser.java:2992)
	at org.xmlpull.mxp1.MXParser.more(MXParser.java:3046)
	at org.xmlpull.mxp1.MXParser.nextImpl(MXParser.java:1144)
	at org.xmlpull.mxp1.MXParser.next(MXParser.java:1093)
	at org.jivesoftware.smack.PacketReader.parsePackets(PacketReader.java:316)
	at org.jivesoftware.smack.PacketReader.access$000(PacketReader.java:46)
	at org.jivesoftware.smack.PacketReader$1.run(PacketReader.java:72)
WARN  2014-09-21 09:57:55,759 (NullSarosSession.java:64) unexpected method call
WARN  2014-09-21 09:57:55,858 (NullSarosSession.java:64) unexpected method call
WARN  2014-09-21 09:57:56,736 (NullSarosSession.java:64) unexpected method call
WARN  2014-09-21 09:57:56,748 (NullSarosSession.java:64) unexpected method call
