INFO  2014-09-21 11:24:40,544 (Saros.java:256) Starting Saros 13.12.6 running:
  Java Version: 1.7.0_51
  Java Vendor: Oracle Corporation
  Eclipse Runtime Version: 3.9.100.v20131218-1515
  Operating System: Windows 7 (6.1)
  Hardware Architecture: amd64
INFO  2014-09-21 11:24:40,587 (XMPPAccountStore.java:103) loaded 2 accounts
INFO  2014-09-21 11:24:40,609 (PreferenceInitializer.java:53) initializing preference default values
DEBUG 2014-09-21 11:24:40,636 (DataTransferManager.java:444) used transport order for the current XMPP connection: [de.fu_berlin.inf.dpp.net.internal.Socks5Transport@68d9f9f, de.fu_berlin.inf.dpp.net.internal.IBBTransport@3bea8315]
DEBUG 2014-09-21 11:24:40,671 (StreamServiceManager.java:225) StreamServices added:
  SendFile
  AudioService
  VideoSharing
DEBUG 2014-09-21 11:24:40,731 (SarosAnnotation.java:112) resetting annotation colors
DEBUG 2014-09-21 11:24:40,821 (Saros.java:296) autogenerated favorite color id is: 2
WARN  2014-09-21 11:24:42,224 (NullSarosSession.java:64) unexpected method call
WARN  2014-09-21 11:24:42,226 (NullSarosSession.java:64) unexpected method call
DEBUG 2014-09-21 11:24:48,355 (SharedDocumentProvider.java:79) SharedDocumentProvider created by Eclipse
WARN  2014-09-21 11:24:50,462 (NullSarosSession.java:64) unexpected method call
WARN  2014-09-21 11:24:50,464 (NullSarosSession.java:64) unexpected method call
DEBUG 2014-09-21 11:24:52,868 (WhiteboardManager.java:108) WhiteboardManager instantiated
DEBUG 2014-09-21 11:24:52,901 (DocumentRecord.java:93) Added Node: attr(141129509288925757) name=svg
DEBUG 2014-09-21 11:24:53,780 (SarosNet.java:423) started Socks5 proxy on port: 7777 [listening on all interfaces]
DEBUG 2014-09-21 11:24:54,186 (SarosNet.java:433) found interface addresses: [25.209.189.176, 192.168.1.150, 2001:0:5ef5:79fd:b5:1bad:a797:a28a, fe80:0:0:0:b5:1bad:a797:a28a%13, fe80:0:0:0:282f:755e:1f59:a8eb%14, 2620:9b:0:0:0:0:19d1:bdb0, fe80:0:0:0:c0b9:e2a1:f5e6:6296%20]
DEBUG 2014-09-21 11:24:54,216 (SarosNet.java:383)  new connection state == CONNECTING
DEBUG 2014-09-21 11:24:55,061 (StunServiceImpl.java:173) discovered public WAN-IP: 88.104.93.117 through interface 192.168.1.150
DEBUG 2014-09-21 11:24:59,059 (SarosNet.java:383) condorcraft110@saros-con.imp.fu-berlin.de/Saros new connection state == CONNECTED
DEBUG 2014-09-21 11:24:59,059 (DataTransferManager.java:444) used transport order for the current XMPP connection: [de.fu_berlin.inf.dpp.net.internal.Socks5Transport@68d9f9f, de.fu_berlin.inf.dpp.net.internal.IBBTransport@3bea8315]
DEBUG 2014-09-21 11:24:59,062 (SkypeManager.java:286) Refreshing Skype username cache...
WARN  2014-09-21 11:25:04,804 (StunServiceImpl.java:420) received no response from STUN server stunserver.org/132.177.123.6:3478 at local address /25.209.189.176:0
WARN  2014-09-21 11:47:57,826 (NullSarosSession.java:64) unexpected method call
WARN  2014-09-21 11:47:57,828 (NullSarosSession.java:64) unexpected method call
DEBUG 2014-09-21 11:47:58,116 (SarosNet.java:383) condorcraft110@saros-con.imp.fu-berlin.de/Saros new connection state == DISCONNECTING
DEBUG 2014-09-21 11:47:58,276 (SarosNet.java:383)  new connection state == NOT_CONNECTED
DEBUG 2014-09-21 11:47:58,279 (UPnPServiceImpl.java:295) deleting existing port mappings
